2025-04-04 06:01:41.100349 - Received CBT.V508.FILE205.PDS from FILE205.XMI 
2025-04-04 06:01:41.101473 - Found $$$#DATE.txt (text/plain) in CBT.V508.FILE205.PDS, moved to PDS/$$$#DATE
2025-04-04 06:01:41.101666 - Found $$INDEX.txt (text/plain) in CBT.V508.FILE205.PDS, moved to PDS/$$INDEX
2025-04-04 06:01:41.101828 - Found $INDEX.txt (text/plain) in CBT.V508.FILE205.PDS, moved to PDS/$INDEX
2025-04-04 06:01:41.101960 - Found $SCRIPTC.jcl (text/plain) in CBT.V508.FILE205.PDS, moved to PDS/$SCRIPTC
2025-04-04 06:01:41.102082 - Found $SCRIPTP.jcl (text/plain) in CBT.V508.FILE205.PDS, moved to PDS/$SCRIPTP
2025-04-04 06:01:41.102200 - Found $SCRIPTS.jcl (text/plain) in CBT.V508.FILE205.PDS, moved to PDS/$SCRIPTS
2025-04-04 06:01:41.102348 - Found @FILE205.txt (text/plain) in CBT.V508.FILE205.PDS, moved to PDS/@FILE205
2025-04-04 06:01:41.102491 - Found ABSTRACT.txt (text/plain) in CBT.V508.FILE205.PDS, moved to PDS/ABSTRACT
2025-04-04 06:01:41.102614 - Found IPLDOFX.txt (text/plain) in CBT.V508.FILE205.PDS, moved to PDS/IPLDOFX
2025-04-04 06:01:41.102734 - Found IPLMVSX.txt (text/plain) in CBT.V508.FILE205.PDS, moved to PDS/IPLMVSX
2025-04-04 06:01:41.102854 - Found IPLMVSXO.txt (text/plain) in CBT.V508.FILE205.PDS, moved to PDS/IPLMVSXO
2025-04-04 06:01:41.102977 - Found IVPCSC.txt (text/plain) in CBT.V508.FILE205.PDS, moved to PDS/IVPCSC
2025-04-04 06:01:41.103097 - Found IVPDOF.txt (text/plain) in CBT.V508.FILE205.PDS, moved to PDS/IVPDOF
2025-04-04 06:01:41.103305 - Found IVPDOFX.txt (text/plain) in CBT.V508.FILE205.PDS, moved to PDS/IVPDOFX
2025-04-04 06:01:41.103470 - Found IVPMVSX.txt (text/plain) in CBT.V508.FILE205.PDS, moved to PDS/IVPMVSX
2025-04-04 06:01:41.103586 - Found SINGLE.txt (text/plain) in CBT.V508.FILE205.PDS, moved to PDS/SINGLE
2025-04-04 06:01:41.103774 - Found SINGLEIM.txt (text/plain) in CBT.V508.FILE205.PDS, moved to PDS/SINGLEIM
2025-04-04 06:01:41.103911 - Found SYSPROGM.txt (text/plain) in CBT.V508.FILE205.PDS, moved to PDS/SYSPROGM
2025-04-04 06:01:41.104031 - Found ZIMBED.txt (text/plain) in CBT.V508.FILE205.PDS, moved to PDS/ZIMBED
